<?xml version="1.0" encoding="UTF-8"?>
<testng-results ignored="0" total="2" passed="2" failed="0" skipped="0">
  <reporter-output>
    <line>
      <![CDATA[Search input entered]]>
    </line>
    <line>
      <![CDATA[Able to search : automation practice]]>
    </line>
    <line>
      <![CDATA[Search input entered]]>
    </line>
    <line>
      <![CDATA[Able to search : automation practice]]>
    </line>
  </reporter-output>
  <suite started-at="2021-10-16T14:40:25 MDT" name="SampleSearchSuite" finished-at="2021-10-16T14:40:38 MDT" duration-ms="12876">
    <groups>
    </groups>
    <test started-at="2021-10-16T14:40:25 MDT" name="SampleSearch" finished-at="2021-10-16T14:40:38 MDT" duration-ms="12876">
      <class name="temp.product.cscart.tc.GenericClass">
        <test-method signature="tc01_cart_search(java.lang.String,java.lang.String)[pri:1, instance:temp.product.cscart.tc.GenericClass@5d740a0f]" started-at="2021-10-16T14:40:25 MDT" name="tc01_cart_search" finished-at="2021-10-16T14:40:30 MDT" duration-ms="5474" status="PASS">
          <params>
            <param index="0">
              <value>
                <![CDATA[chrome]]>
              </value>
            </param>
            <param index="1">
              <value>
                <![CDATA[https://www.google.com/]]>
              </value>
            </param>
          </params>
          <reporter-output>
            <line>
              <![CDATA[Search input entered]]>
            </line>
            <line>
              <![CDATA[Able to search : automation practice]]>
            </line>
          </reporter-output>
        </test-method> <!-- tc01_cart_search -->
        <test-method signature="tc02_autoSignIn(java.lang.String,java.lang.String)[pri:2, instance:temp.product.cscart.tc.GenericClass@5d740a0f]" started-at="2021-10-16T14:40:30 MDT" name="tc02_autoSignIn" finished-at="2021-10-16T14:40:38 MDT" duration-ms="7326" status="PASS">
          <params>
            <param index="0">
              <value>
                <![CDATA[chrome]]>
              </value>
            </param>
            <param index="1">
              <value>
                <![CDATA[https://www.google.com/]]>
              </value>
            </param>
          </params>
          <reporter-output>
            <line>
              <![CDATA[Search input entered]]>
            </line>
            <line>
              <![CDATA[Able to search : automation practice]]>
            </line>
          </reporter-output>
        </test-method> <!-- tc02_autoSignIn -->
      </class> <!-- temp.product.cscart.tc.GenericClass -->
    </test> <!-- SampleSearch -->
  </suite> <!-- SampleSearchSuite -->
</testng-results>
